{
  "fields": {
    "log_file": {
      "_type": "Option",
      "_values": [
        "C:/Users/linus_behrbohm/git/SECOND_CHECKOUT/graph_app/context-engine/target/test-logs/linear_read_digits.log"
      ],
      "_variant": "Some"
    },
    "message": "Test tracing initialized",
    "test_name": "linear_read_digits"
  },
  "filename": "crates/context-stack/context-trace/src/logging/tracing_utils/test_tracing.rs",
  "level": "INFO",
  "line_number": 299,
  "target": "context_trace::logging::tracing_utils::test_tracing",
  "timestamp": "2026-03-03T02:42:39.393572Z"
}

{
  "fields": {
    "message": "New ReadCtx"
  },
  "filename": "crates/context-stack/context-read/src/context/mod.rs",
  "level": "DEBUG",
  "line_number": 44,
  "target": "context_read::context",
  "timestamp": "2026-03-03T02:42:39.393931Z"
}

{
  "fields": {
    "known": {
      "_type": "Pattern",
      "_values": [
        []
      ]
    },
    "known_len": 0,
    "message": "read_segment",
    "unknown": {
      "_type": "Pattern",
      "_values": [
        [
          {
            "index": 0,
            "text": "1"
          },
          {
            "index": 1,
            "text": "2"
          },
          {
            "index": 2,
            "text": "3"
          },
          {
            "index": 3,
            "text": "4"
          },
          {
            "index": 4,
            "text": "5"
          }
        ]
      ]
    },
    "unknown_len": 5
  },
  "filename": "crates/context-stack/context-read/src/context/mod.rs",
  "level": "DEBUG",
  "line_number": 72,
  "target": "context_read::context",
  "timestamp": "2026-03-03T02:42:39.394131Z"
}

{
  "fields": {
    "edge_count": 5,
    "graph_data": {
      "edges": [
        {
          "from": 5,
          "pattern_idx": 0,
          "sub_index": 0,
          "to": 0
        },
        {
          "from": 5,
          "pattern_idx": 0,
          "sub_index": 1,
          "to": 1
        },
        {
          "from": 5,
          "pattern_idx": 0,
          "sub_index": 2,
          "to": 2
        },
        {
          "from": 5,
          "pattern_idx": 0,
          "sub_index": 3,
          "to": 3
        },
        {
          "from": 5,
          "pattern_idx": 0,
          "sub_index": 4,
          "to": 4
        }
      ],
      "nodes": [
        {
          "index": 0,
          "label": "1",
          "width": 1
        },
        {
          "index": 1,
          "label": "2",
          "width": 1
        },
        {
          "index": 2,
          "label": "3",
          "width": 1
        },
        {
          "index": 3,
          "label": "4",
          "width": 1
        },
        {
          "index": 4,
          "label": "5",
          "width": 1
        },
        {
          "index": 5,
          "label": "12345",
          "width": 5
        }
      ]
    },
    "message": "graph_snapshot",
    "node_count": 6
  },
  "filename": "crates/context-stack/context-trace/src/graph/snapshot.rs",
  "level": "INFO",
  "line_number": 112,
  "target": "context_trace::graph::snapshot",
  "timestamp": "2026-03-03T02:42:39.394369Z"
}

