{
  "fields": {
    "log_file": {
      "_type": "Option",
      "_values": [
        "C:/Users/linus_behrbohm/git/SECOND_CHECKOUT/graph_app/context-engine/target/test-logs/linear_read_no_letter_repeats.log"
      ],
      "_variant": "Some"
    },
    "message": "Test tracing initialized",
    "test_name": "linear_read_no_letter_repeats"
  },
  "filename": "crates/context-stack/context-trace/src/logging/tracing_utils/test_tracing.rs",
  "level": "INFO",
  "line_number": 299,
  "target": "context_trace::logging::tracing_utils::test_tracing",
  "timestamp": "2026-03-03T02:42:40.000700Z"
}

{
  "fields": {
    "message": "New ReadCtx"
  },
  "filename": "crates/context-stack/context-read/src/context/mod.rs",
  "level": "DEBUG",
  "line_number": 44,
  "target": "context_read::context",
  "timestamp": "2026-03-03T02:42:40.001088Z"
}

{
  "fields": {
    "known": {
      "_type": "Pattern",
      "_values": [
        []
      ]
    },
    "known_len": 0,
    "message": "read_segment",
    "unknown": {
      "_type": "Pattern",
      "_values": [
        [
          {
            "index": 0,
            "text": "q"
          },
          {
            "index": 1,
            "text": "w"
          },
          {
            "index": 2,
            "text": "e"
          },
          {
            "index": 3,
            "text": "r"
          },
          {
            "index": 4,
            "text": "t"
          },
          {
            "index": 5,
            "text": "y"
          }
        ]
      ]
    },
    "unknown_len": 6
  },
  "filename": "crates/context-stack/context-read/src/context/mod.rs",
  "level": "DEBUG",
  "line_number": 72,
  "target": "context_read::context",
  "timestamp": "2026-03-03T02:42:40.001311Z"
}

{
  "fields": {
    "edge_count": 6,
    "graph_data": {
      "edges": [
        {
          "from": 6,
          "pattern_idx": 0,
          "sub_index": 0,
          "to": 0
        },
        {
          "from": 6,
          "pattern_idx": 0,
          "sub_index": 1,
          "to": 1
        },
        {
          "from": 6,
          "pattern_idx": 0,
          "sub_index": 2,
          "to": 2
        },
        {
          "from": 6,
          "pattern_idx": 0,
          "sub_index": 3,
          "to": 3
        },
        {
          "from": 6,
          "pattern_idx": 0,
          "sub_index": 4,
          "to": 4
        },
        {
          "from": 6,
          "pattern_idx": 0,
          "sub_index": 5,
          "to": 5
        }
      ],
      "nodes": [
        {
          "index": 0,
          "label": "q",
          "width": 1
        },
        {
          "index": 1,
          "label": "w",
          "width": 1
        },
        {
          "index": 2,
          "label": "e",
          "width": 1
        },
        {
          "index": 3,
          "label": "r",
          "width": 1
        },
        {
          "index": 4,
          "label": "t",
          "width": 1
        },
        {
          "index": 5,
          "label": "y",
          "width": 1
        },
        {
          "index": 6,
          "label": "qwerty",
          "width": 6
        }
      ]
    },
    "message": "graph_snapshot",
    "node_count": 7
  },
  "filename": "crates/context-stack/context-trace/src/graph/snapshot.rs",
  "level": "INFO",
  "line_number": 112,
  "target": "context_trace::graph::snapshot",
  "timestamp": "2026-03-03T02:42:40.001581Z"
}

