{
  "fields": {
    "log_file": {
      "_type": "Option",
      "_values": [
        "C:/Users/linus_behrbohm/git/SECOND_CHECKOUT/graph_app/context-engine/target/test-logs/dump_ancestor3.log"
      ],
      "_variant": "Some"
    },
    "message": "Test tracing initialized",
    "test_name": "dump_ancestor3"
  },
  "filename": "crates/context-stack/context-trace/src/logging/tracing_utils/test_tracing.rs",
  "level": "INFO",
  "line_number": 299,
  "target": "context_trace::logging::tracing_utils::test_tracing",
  "timestamp": "2026-03-03T02:42:44.472627Z"
}

{
  "fields": {
    "edge_count": 20,
    "graph_data": {
      "edges": [
        {
          "from": 6,
          "pattern_idx": 0,
          "sub_index": 0,
          "to": 0
        },
        {
          "from": 6,
          "pattern_idx": 0,
          "sub_index": 1,
          "to": 1
        },
        {
          "from": 7,
          "pattern_idx": 0,
          "sub_index": 0,
          "to": 1
        },
        {
          "from": 7,
          "pattern_idx": 0,
          "sub_index": 1,
          "to": 4
        },
        {
          "from": 8,
          "pattern_idx": 0,
          "sub_index": 0,
          "to": 4
        },
        {
          "from": 8,
          "pattern_idx": 0,
          "sub_index": 1,
          "to": 5
        },
        {
          "from": 9,
          "pattern_idx": 0,
          "sub_index": 0,
          "to": 3
        },
        {
          "from": 9,
          "pattern_idx": 0,
          "sub_index": 1,
          "to": 0
        },
        {
          "from": 10,
          "pattern_idx": 0,
          "sub_index": 0,
          "to": 9
        },
        {
          "from": 10,
          "pattern_idx": 0,
          "sub_index": 1,
          "to": 1
        },
        {
          "from": 10,
          "pattern_idx": 1,
          "sub_index": 0,
          "to": 3
        },
        {
          "from": 10,
          "pattern_idx": 1,
          "sub_index": 1,
          "to": 6
        },
        {
          "from": 11,
          "pattern_idx": 0,
          "sub_index": 0,
          "to": 10
        },
        {
          "from": 11,
          "pattern_idx": 0,
          "sub_index": 1,
          "to": 4
        },
        {
          "from": 11,
          "pattern_idx": 1,
          "sub_index": 0,
          "to": 9
        },
        {
          "from": 11,
          "pattern_idx": 1,
          "sub_index": 1,
          "to": 7
        },
        {
          "from": 12,
          "pattern_idx": 0,
          "sub_index": 0,
          "to": 11
        },
        {
          "from": 12,
          "pattern_idx": 0,
          "sub_index": 1,
          "to": 5
        },
        {
          "from": 12,
          "pattern_idx": 1,
          "sub_index": 0,
          "to": 10
        },
        {
          "from": 12,
          "pattern_idx": 1,
          "sub_index": 1,
          "to": 8
        }
      ],
      "nodes": [
        {
          "index": 0,
          "label": "a",
          "width": 1
        },
        {
          "index": 1,
          "label": "b",
          "width": 1
        },
        {
          "index": 2,
          "label": "w",
          "width": 1
        },
        {
          "index": 3,
          "label": "x",
          "width": 1
        },
        {
          "index": 4,
          "label": "y",
          "width": 1
        },
        {
          "index": 5,
          "label": "z",
          "width": 1
        },
        {
          "index": 6,
          "label": "ab",
          "width": 2
        },
        {
          "index": 7,
          "label": "by",
          "width": 2
        },
        {
          "index": 8,
          "label": "yz",
          "width": 2
        },
        {
          "index": 9,
          "label": "xa",
          "width": 2
        },
        {
          "index": 10,
          "label": "xab",
          "width": 3
        },
        {
          "index": 11,
          "label": "xaby",
          "width": 4
        },
        {
          "index": 12,
          "label": "xabyz",
          "width": 5
        }
      ]
    },
    "message": "graph_snapshot",
    "node_count": 13
  },
  "filename": "crates/context-stack/context-trace/src/graph/snapshot.rs",
  "level": "INFO",
  "line_number": 112,
  "target": "context_trace::graph::snapshot",
  "timestamp": "2026-03-03T02:42:44.473134Z"
}

{
  "fields": {
    "message": "enter"
  },
  "filename": "crates/context-stack/context-search/src/search/mod.rs",
  "level": "INFO",
  "line_number": 91,
  "span": "find_ancestor",
  "spans": [
    "find_ancestor"
  ],
  "target": "context_search::search",
  "timestamp": "2026-03-03T02:42:44.473536Z"
}

{
  "fields": {
    "message": "starting ancestor search"
  },
  "filename": "crates/context-stack/context-search/src/search/mod.rs",
  "level": "TRACE",
  "line_number": 99,
  "span": "find_ancestor",
  "spans": [
    "find_ancestor"
  ],
  "target": "context_search::search",
  "timestamp": "2026-03-03T02:42:44.473664Z"
}

{
  "fields": {
    "message": "enter"
  },
  "filename": "crates/context-stack/context-search/src/search/searchable.rs",
  "level": "TRACE",
  "line_number": 59,
  "span": "search",
  "spans": [
    "find_ancestor",
    "search"
  ],
  "target": "context_search::search::searchable",
  "timestamp": "2026-03-03T02:42:44.473773Z"
}

{
  "fields": {
    "cursor": {
      "_type": "PathCursor",
      "path": {
        "_type": "PatternRangePath",
        "end": "entry=0",
        "path=[]": "",
        "pattern": [
          {
            "index": 6,
            "text": "ab"
          },
          {
            "index": 4,
            "text": "y"
          }
        ],
        "start": "entry=0"
      },
      "position": 2
    },
    "message": "creating search state",
    "start_token": {
      "index": 6,
      "text": "ab"
    }
  },
  "filename": "crates/context-stack/context-search/src/state/start/core.rs",
  "level": "TRACE",
  "line_number": 93,
  "span": "search",
  "spans": [
    "find_ancestor",
    "search"
  ],
  "target": "context_search::state::start::core",
  "timestamp": "2026-03-03T02:42:44.473897Z"
}

{
  "fields": {
    "message": "PatternRangePath::move_root_index - advancing from 0 to 1, old end.root_entry=0"
  },
  "filename": "crates/context-stack/context-trace/src/path/structs/rooted/pattern_range.rs",
  "level": "TRACE",
  "line_number": 102,
  "span": "search",
  "spans": [
    "find_ancestor",
    "search"
  ],
  "target": "context_trace::path::structs::rooted::pattern_range",
  "timestamp": "2026-03-03T02:42:44.474112Z"
}

{
  "fields": {
    "batch_len": 1,
    "message": "first parent batch obtained"
  },
  "filename": "crates/context-stack/context-search/src/state/start/core.rs",
  "level": "TRACE",
  "line_number": 96,
  "span": "search",
  "spans": [
    "find_ancestor",
    "search"
  ],
  "target": "context_search::state::start::core",
  "timestamp": "2026-03-03T02:42:44.474248Z"
}

{
  "fields": {
    "message": "start search successful, beginning fold"
  },
  "filename": "crates/context-stack/context-search/src/search/searchable.rs",
  "level": "TRACE",
  "line_number": 69,
  "span": "search",
  "spans": [
    "find_ancestor",
    "search"
  ],
  "target": "context_search::search::searchable",
  "timestamp": "2026-03-03T02:42:44.474383Z"
}

{
  "fields": {
    "message": "initial state",
    "queue": {
      "_type": "SearchQueue",
      "count": 1,
      "nodes": [
        "[0] ParentCandidate(vertex:\"xab\"(10), pos:3)"
      ]
    }
  },
  "filename": "crates/context-stack/context-search/src/search/mod.rs",
  "level": "TRACE",
  "line_number": 397,
  "span": "search",
  "spans": [
    "find_ancestor",
    "search"
  ],
  "target": "context_search::search",
  "timestamp": "2026-03-03T02:42:44.474485Z"
}

{
  "fields": {
    "graph_op": {
      "description": "Search started — initial queue populated",
      "location": {
        "completed_nodes": [],
        "pending_children": [],
        "pending_parents": [
          10
        ],
        "root_node": null,
        "selected_node": null,
        "trace_path": []
      },
      "op_type": "search",
      "path_graph": {
        "cursor_pos": 0,
        "done": false,
        "end_edges": [],
        "end_path": [],
        "root": null,
        "root_entry_edge": null,
        "root_exit_edge": null,
        "start_edges": [],
        "start_node": {
          "index": 6,
          "width": 2
        },
        "start_path": [],
        "success": false
      },
      "path_id": "search/context-search/token-6-1772505764474374900",
      "query": {
        "cursor_position": 0,
        "query_tokens": [
          6,
          4
        ],
        "query_width": 3
      },
      "step": 0,
      "transition": {
        "kind": "start_node",
        "node": 6,
        "width": 2
      }
    },
    "message": "Search started — initial queue populated",
    "op_type": "Search",
    "step": 0
  },
  "filename": "crates/context-stack/context-trace/src/graph/visualization.rs",
  "level": "INFO",
  "line_number": 561,
  "span": "search",
  "spans": [
    "find_ancestor",
    "search"
  ],
  "target": "context_trace::graph::visualization",
  "timestamp": "2026-03-03T02:42:44.474670Z"
}

{
  "fields": {
    "graph_op": {
      "description": "Start node 6 exploring parent candidates",
      "location": {
        "completed_nodes": [
          6
        ],
        "pending_children": [],
        "pending_parents": [
          10
        ],
        "root_node": 6,
        "selected_node": 6,
        "trace_path": []
      },
      "op_type": "search",
      "path_graph": {
        "cursor_pos": 0,
        "done": false,
        "end_edges": [],
        "end_path": [],
        "root": null,
        "root_entry_edge": null,
        "root_exit_edge": null,
        "start_edges": [],
        "start_node": {
          "index": 6,
          "width": 2
        },
        "start_path": [],
        "success": false
      },
      "path_id": "search/context-search/token-6-1772505764474374900",
      "query": {
        "cursor_position": 0,
        "query_tokens": [
          6,
          4
        ],
        "query_width": 3
      },
      "step": 1,
      "transition": {
        "current_root": 6,
        "kind": "parent_explore",
        "parent_candidates": [
          10
        ]
      }
    },
    "message": "Start node 6 exploring parent candidates",
    "op_type": "Search",
    "step": 1
  },
  "filename": "crates/context-stack/context-trace/src/graph/visualization.rs",
  "level": "INFO",
  "line_number": 561,
  "span": "search",
  "spans": [
    "find_ancestor",
    "search"
  ],
  "target": "context_trace::graph::visualization",
  "timestamp": "2026-03-03T02:42:44.474884Z"
}

{
  "fields": {
    "message": "searching for next match"
  },
  "filename": "crates/context-stack/context-search/src/search/mod.rs",
  "level": "TRACE",
  "line_number": 753,
  "span": "search",
  "spans": [
    "find_ancestor",
    "search"
  ],
  "target": "context_search::search",
  "timestamp": "2026-03-03T02:42:44.475063Z"
}

{
  "fields": {
    "is_parent": true,
    "message": "popped search node",
    "node_index": 10,
    "queue_remaining": 0
  },
  "filename": "crates/context-stack/context-search/src/match/iterator.rs",
  "level": "DEBUG",
  "line_number": 104,
  "span": "search",
  "spans": [
    "find_ancestor",
    "search"
  ],
  "target": "context_search::r#match::iterator",
  "timestamp": "2026-03-03T02:42:44.475162Z"
}

{
  "fields": {
    "graph_op": {
      "description": "Visiting candidate parent 10 from 6",
      "location": {
        "completed_nodes": [
          6
        ],
        "pending_children": [],
        "pending_parents": [],
        "root_node": 6,
        "selected_node": 6,
        "trace_path": []
      },
      "op_type": "search",
      "path_graph": {
        "cursor_pos": 0,
        "done": false,
        "end_edges": [],
        "end_path": [],
        "root": {
          "index": 10,
          "width": 1
        },
        "root_entry_edge": {
          "from": 6,
          "pattern_idx": 0,
          "sub_index": 0,
          "to": 10
        },
        "root_exit_edge": null,
        "start_edges": [],
        "start_node": {
          "index": 6,
          "width": 2
        },
        "start_path": [],
        "success": false
      },
      "path_id": "search/context-search/token-6-1772505764474374900",
      "query": {
        "cursor_position": 0,
        "query_tokens": [
          6,
          4
        ],
        "query_width": 3
      },
      "step": 2,
      "transition": {
        "edge": {
          "from": 6,
          "pattern_idx": 0,
          "sub_index": 0,
          "to": 10
        },
        "entry_pos": 0,
        "from": 6,
        "kind": "visit_parent",
        "to": 10,
        "width": 1
      }
    },
    "message": "Visiting candidate parent 10 from 6",
    "op_type": "Search",
    "step": 2
  },
  "filename": "crates/context-stack/context-trace/src/graph/visualization.rs",
  "level": "INFO",
  "line_number": 561,
  "span": "search",
  "spans": [
    "find_ancestor",
    "search"
  ],
  "target": "context_trace::graph::visualization",
  "timestamp": "2026-03-03T02:42:44.475290Z"
}

{
  "fields": {
    "message": "enter"
  },
  "filename": "crates/context-stack/context-search/src/compare/parent.rs",
  "level": "DEBUG",
  "line_number": 47,
  "span": "advance_state",
  "spans": [
    "find_ancestor",
    "search",
    "advance_state"
  ],
  "target": "context_search::compare::parent",
  "timestamp": "2026-03-03T02:42:44.475654Z"
}

{
  "fields": {
    "entry_sub_index": 1,
    "message": "No next child in pattern - at end of pattern",
    "pattern_len": 2
  },
  "filename": "crates/context-stack/context-trace/src/trace/state/parent.rs",
  "level": "DEBUG",
  "line_number": 60,
  "span": "advance_state",
  "spans": [
    "find_ancestor",
    "search",
    "advance_state"
  ],
  "target": "context_trace::trace::state::parent",
  "timestamp": "2026-03-03T02:42:44.476001Z"
}

{
  "fields": {
    "message": "close",
    "time.busy": "680µs",
    "time.idle": "4.20µs"
  },
  "filename": "crates/context-stack/context-search/src/compare/parent.rs",
  "level": "DEBUG",
  "line_number": 47,
  "span": "advance_state",
  "spans": [
    "find_ancestor",
    "search"
  ],
  "target": "context_search::compare::parent",
  "timestamp": "2026-03-03T02:42:44.476335Z"
}

{
  "fields": {
    "is_parent": true,
    "message": "node expanded — queuing new candidates",
    "node_index": 10,
    "num_added": 2
  },
  "filename": "crates/context-stack/context-search/src/match/iterator.rs",
  "level": "DEBUG",
  "line_number": 122,
  "span": "search",
  "spans": [
    "find_ancestor",
    "search"
  ],
  "target": "context_search::r#match::iterator",
  "timestamp": "2026-03-03T02:42:44.476581Z"
}

{
  "fields": {
    "graph_op": {
      "description": "Node 10 boundary reached — exploring parents",
      "location": {
        "completed_nodes": [
          10
        ],
        "pending_children": [],
        "pending_parents": [
          11,
          12
        ],
        "root_node": 10,
        "selected_node": 10,
        "trace_path": []
      },
      "op_type": "search",
      "path_graph": {
        "cursor_pos": 0,
        "done": false,
        "end_edges": [],
        "end_path": [],
        "root": {
          "index": 10,
          "width": 1
        },
        "root_entry_edge": {
          "from": 6,
          "pattern_idx": 0,
          "sub_index": 0,
          "to": 10
        },
        "root_exit_edge": null,
        "start_edges": [],
        "start_node": {
          "index": 6,
          "width": 2
        },
        "start_path": [],
        "success": false
      },
      "path_id": "search/context-search/token-6-1772505764474374900",
      "query": {
        "cursor_position": 0,
        "query_tokens": [
          6,
          4
        ],
        "query_width": 3
      },
      "step": 3,
      "transition": {
        "current_root": 10,
        "kind": "parent_explore",
        "parent_candidates": [
          11,
          12
        ]
      }
    },
    "message": "Node 10 boundary reached — exploring parents",
    "op_type": "Search",
    "step": 3
  },
  "filename": "crates/context-stack/context-trace/src/graph/visualization.rs",
  "level": "INFO",
  "line_number": 561,
  "span": "search",
  "spans": [
    "find_ancestor",
    "search"
  ],
  "target": "context_trace::graph::visualization",
  "timestamp": "2026-03-03T02:42:44.476718Z"
}

{
  "fields": {
    "is_parent": true,
    "message": "popped search node",
    "node_index": 11,
    "queue_remaining": 1
  },
  "filename": "crates/context-stack/context-search/src/match/iterator.rs",
  "level": "DEBUG",
  "line_number": 104,
  "span": "search",
  "spans": [
    "find_ancestor",
    "search"
  ],
  "target": "context_search::r#match::iterator",
  "timestamp": "2026-03-03T02:42:44.476917Z"
}

{
  "fields": {
    "graph_op": {
      "description": "Visiting candidate parent 11 from 6",
      "location": {
        "completed_nodes": [
          6
        ],
        "pending_children": [],
        "pending_parents": [
          12
        ],
        "root_node": 6,
        "selected_node": 6,
        "trace_path": []
      },
      "op_type": "search",
      "path_graph": {
        "cursor_pos": 0,
        "done": false,
        "end_edges": [],
        "end_path": [],
        "root": {
          "index": 11,
          "width": 1
        },
        "root_entry_edge": {
          "from": 6,
          "pattern_idx": 0,
          "sub_index": 0,
          "to": 11
        },
        "root_exit_edge": null,
        "start_edges": [
          {
            "from": 6,
            "pattern_idx": 0,
            "sub_index": 0,
            "to": 10
          }
        ],
        "start_node": {
          "index": 6,
          "width": 2
        },
        "start_path": [
          {
            "index": 10,
            "width": 1
          }
        ],
        "success": false
      },
      "path_id": "search/context-search/token-6-1772505764474374900",
      "query": {
        "cursor_position": 0,
        "query_tokens": [
          6,
          4
        ],
        "query_width": 3
      },
      "step": 4,
      "transition": {
        "edge": {
          "from": 6,
          "pattern_idx": 0,
          "sub_index": 0,
          "to": 11
        },
        "entry_pos": 0,
        "from": 6,
        "kind": "visit_parent",
        "to": 11,
        "width": 1
      }
    },
    "message": "Visiting candidate parent 11 from 6",
    "op_type": "Search",
    "step": 4
  },
  "filename": "crates/context-stack/context-trace/src/graph/visualization.rs",
  "level": "INFO",
  "line_number": 561,
  "span": "search",
  "spans": [
    "find_ancestor",
    "search"
  ],
  "target": "context_trace::graph::visualization",
  "timestamp": "2026-03-03T02:42:44.477095Z"
}

{
  "fields": {
    "message": "enter"
  },
  "filename": "crates/context-stack/context-search/src/compare/parent.rs",
  "level": "DEBUG",
  "line_number": 47,
  "span": "advance_state",
  "spans": [
    "find_ancestor",
    "search",
    "advance_state"
  ],
  "target": "context_search::compare::parent",
  "timestamp": "2026-03-03T02:42:44.477497Z"
}

{
  "fields": {
    "message": "Found next child in pattern",
    "next_i": 1
  },
  "filename": "crates/context-stack/context-trace/src/trace/state/parent.rs",
  "level": "DEBUG",
  "line_number": 43,
  "span": "advance_state",
  "spans": [
    "find_ancestor",
    "search",
    "advance_state"
  ],
  "target": "context_trace::trace::state::parent",
  "timestamp": "2026-03-03T02:42:44.477905Z"
}

{
  "fields": {
    "child_cursor": {
      "_type": "ChildState",
      "entry_pos": 2,
      "exit_pos": 2,
      "path": {
        "_type": "IndexRangePath",
        "end": {
          "_ty": {
            "_type": "PhantomData",
            "type_param": "context_trace::path::accessors::role::End"
          },
          "_type": "RolePath",
          "sub_path": {
            "_type": "SubPath",
            "path": [],
            "root_entry": 1
          }
        },
        "path=[ChildLocation(\"xab\"(10), ebbd4aa0, 1)]": "",
        "root": {
          "_type": "Root",
          "_values": [
            {
              "_type": "PatternLocation",
              "_values": [
                {
                  "index": 11,
                  "text": "xaby"
                },
                "4cc47ffa"
              ]
            }
          ]
        },
        "start": "entry=0"
      }
    },
    "message": "Created child_cursor from parent_state"
  },
  "filename": "crates/context-stack/context-search/src/compare/parent.rs",
  "level": "TRACE",
  "line_number": 55,
  "span": "advance_state",
  "spans": [
    "find_ancestor",
    "search",
    "advance_state"
  ],
  "target": "context_search::compare::parent",
  "timestamp": "2026-03-03T02:42:44.478261Z"
}

{
  "fields": {
    "message": "close",
    "time.busy": "1.36ms",
    "time.idle": "6.60µs"
  },
  "filename": "crates/context-stack/context-search/src/compare/parent.rs",
  "level": "DEBUG",
  "line_number": 47,
  "span": "advance_state",
  "spans": [
    "find_ancestor",
    "search"
  ],
  "target": "context_search::compare::parent",
  "timestamp": "2026-03-03T02:42:44.478862Z"
}

{
  "fields": {
    "checkpoint_pos": "2",
    "cursor_end_index": 1,
    "cursor_pos": "3",
    "message": "comparing candidate tokens (position-annotated)",
    "mode": "GraphMajor",
    "path_leaf": {
      "index": 4,
      "text": "y"
    },
    "path_width": 1,
    "query_leaf": {
      "index": 4,
      "text": "y"
    },
    "query_width": 1
  },
  "filename": "crates/context-stack/context-search/src/compare/state/decomposition.rs",
  "level": "TRACE",
  "line_number": 195,
  "span": "search",
  "spans": [
    "find_ancestor",
    "search"
  ],
  "target": "context_search::compare::state::decomposition",
  "timestamp": "2026-03-03T02:42:44.479136Z"
}

{
  "fields": {
    "message": "tokens matched",
    "token": 4,
    "width": 1
  },
  "filename": "crates/context-stack/context-search/src/compare/state/decomposition.rs",
  "level": "TRACE",
  "line_number": 208,
  "span": "search",
  "spans": [
    "find_ancestor",
    "search"
  ],
  "target": "context_search::compare::state::decomposition",
  "timestamp": "2026-03-03T02:42:44.479293Z"
}

{
  "fields": {
    "cursor_end_index": 1,
    "cursor_pos": "3",
    "matched_end_index": 1,
    "message": "mark_match: converting to Matched state and updating checkpoints",
    "new_checkpoint_pos": "3",
    "old_checkpoint_pos": "2"
  },
  "filename": "crates/context-stack/context-search/src/compare/state/transitions.rs",
  "level": "TRACE",
  "line_number": 57,
  "span": "search",
  "spans": [
    "find_ancestor",
    "search"
  ],
  "target": "context_search::compare::state::transitions",
  "timestamp": "2026-03-03T02:42:44.479412Z"
}

{
  "fields": {
    "message": "found root match",
    "node_index": 11,
    "root": {
      "index": 11,
      "text": "xaby"
    }
  },
  "filename": "crates/context-stack/context-search/src/match/iterator.rs",
  "level": "DEBUG",
  "line_number": 133,
  "span": "search",
  "spans": [
    "find_ancestor",
    "search"
  ],
  "target": "context_search::r#match::iterator",
  "timestamp": "2026-03-03T02:42:44.479568Z"
}

{
  "fields": {
    "graph_op": {
      "description": "Comparing child node 4",
      "location": {
        "completed_nodes": [
          11
        ],
        "pending_children": [],
        "pending_parents": [
          12
        ],
        "root_node": 11,
        "selected_node": 11,
        "trace_path": []
      },
      "op_type": "search",
      "path_graph": {
        "cursor_pos": 0,
        "done": false,
        "end_edges": [
          {
            "from": 11,
            "pattern_idx": 0,
            "sub_index": 0,
            "to": 4
          }
        ],
        "end_path": [
          {
            "index": 4,
            "width": 1
          }
        ],
        "root": {
          "index": 11,
          "width": 1
        },
        "root_entry_edge": {
          "from": 6,
          "pattern_idx": 0,
          "sub_index": 0,
          "to": 11
        },
        "root_exit_edge": {
          "from": 11,
          "pattern_idx": 0,
          "sub_index": 0,
          "to": 4
        },
        "start_edges": [
          {
            "from": 6,
            "pattern_idx": 0,
            "sub_index": 0,
            "to": 10
          }
        ],
        "start_node": {
          "index": 6,
          "width": 2
        },
        "start_path": [
          {
            "index": 10,
            "width": 1
          }
        ],
        "success": false
      },
      "path_id": "search/context-search/token-6-1772505764474374900",
      "query": {
        "cursor_position": 0,
        "query_tokens": [
          6,
          4
        ],
        "query_width": 3
      },
      "step": 5,
      "transition": {
        "child_index": 0,
        "edge": {
          "from": 11,
          "pattern_idx": 0,
          "sub_index": 0,
          "to": 4
        },
        "from": 11,
        "kind": "visit_child",
        "replace": false,
        "to": 4,
        "width": 1
      }
    },
    "message": "Comparing child node 4",
    "op_type": "Search",
    "step": 5
  },
  "filename": "crates/context-stack/context-trace/src/graph/visualization.rs",
  "level": "INFO",
  "line_number": 561,
  "span": "search",
  "spans": [
    "find_ancestor",
    "search"
  ],
  "target": "context_trace::graph::visualization",
  "timestamp": "2026-03-03T02:42:44.479750Z"
}

{
  "fields": {
    "graph_op": {
      "description": "Child match at node 4 (query pos 3)",
      "location": {
        "completed_nodes": [
          4
        ],
        "pending_children": [],
        "pending_parents": [
          12
        ],
        "root_node": 4,
        "selected_node": 4,
        "trace_path": []
      },
      "op_type": "search",
      "path_graph": {
        "cursor_pos": 3,
        "done": false,
        "end_edges": [
          {
            "from": 11,
            "pattern_idx": 0,
            "sub_index": 0,
            "to": 4
          }
        ],
        "end_path": [
          {
            "index": 4,
            "width": 1
          }
        ],
        "root": {
          "index": 11,
          "width": 1
        },
        "root_entry_edge": {
          "from": 6,
          "pattern_idx": 0,
          "sub_index": 0,
          "to": 11
        },
        "root_exit_edge": {
          "from": 11,
          "pattern_idx": 0,
          "sub_index": 0,
          "to": 4
        },
        "start_edges": [
          {
            "from": 6,
            "pattern_idx": 0,
            "sub_index": 0,
            "to": 10
          }
        ],
        "start_node": {
          "index": 6,
          "width": 2
        },
        "start_path": [
          {
            "index": 10,
            "width": 1
          }
        ],
        "success": false
      },
      "path_id": "search/context-search/token-6-1772505764474374900",
      "query": {
        "active_token": 4,
        "cursor_position": 3,
        "matched_positions": [
          3
        ],
        "query_tokens": [
          6,
          4
        ],
        "query_width": 3
      },
      "step": 6,
      "transition": {
        "cursor_pos": 3,
        "kind": "child_match",
        "node": 4
      }
    },
    "message": "Child match at node 4 (query pos 3)",
    "op_type": "Search",
    "step": 6
  },
  "filename": "crates/context-stack/context-trace/src/graph/visualization.rs",
  "level": "INFO",
  "line_number": 561,
  "span": "search",
  "spans": [
    "find_ancestor",
    "search"
  ],
  "target": "context_trace::graph::visualization",
  "timestamp": "2026-03-03T02:42:44.480003Z"
}

{
  "fields": {
    "graph_op": {
      "description": "Setting candidate root at node 11",
      "location": {
        "completed_nodes": [
          11
        ],
        "pending_children": [],
        "pending_parents": [
          12
        ],
        "root_node": 11,
        "selected_node": 11,
        "trace_path": []
      },
      "op_type": "search",
      "path_graph": {
        "cursor_pos": 3,
        "done": false,
        "end_edges": [
          {
            "from": 11,
            "pattern_idx": 0,
            "sub_index": 0,
            "to": 4
          }
        ],
        "end_path": [
          {
            "index": 4,
            "width": 1
          }
        ],
        "root": {
          "index": 11,
          "width": 1
        },
        "root_entry_edge": {
          "from": 6,
          "pattern_idx": 0,
          "sub_index": 0,
          "to": 11
        },
        "root_exit_edge": {
          "from": 11,
          "pattern_idx": 0,
          "sub_index": 0,
          "to": 4
        },
        "start_edges": [
          {
            "from": 6,
            "pattern_idx": 0,
            "sub_index": 0,
            "to": 10
          }
        ],
        "start_node": {
          "index": 6,
          "width": 2
        },
        "start_path": [
          {
            "index": 10,
            "width": 1
          }
        ],
        "success": false
      },
      "path_id": "search/context-search/token-6-1772505764474374900",
      "query": {
        "cursor_position": 3,
        "matched_positions": [
          3
        ],
        "query_tokens": [
          6,
          4
        ],
        "query_width": 3
      },
      "step": 7,
      "transition": {
        "edge": {
          "from": 10,
          "pattern_idx": 0,
          "sub_index": 0,
          "to": 11
        },
        "kind": "candidate_match",
        "root": 11,
        "width": 1
      }
    },
    "message": "Setting candidate root at node 11",
    "op_type": "Search",
    "step": 7
  },
  "filename": "crates/context-stack/context-trace/src/graph/visualization.rs",
  "level": "INFO",
  "line_number": 561,
  "span": "search",
  "spans": [
    "find_ancestor",
    "search"
  ],
  "target": "context_trace::graph::visualization",
  "timestamp": "2026-03-03T02:42:44.480244Z"
}

{
  "fields": {
    "message": "Found matching root — clearing search queue (will explore via parents)"
  },
  "filename": "crates/context-stack/context-search/src/search/mod.rs",
  "level": "DEBUG",
  "line_number": 852,
  "span": "search",
  "spans": [
    "find_ancestor",
    "search"
  ],
  "target": "context_search::search",
  "timestamp": "2026-03-03T02:42:44.480466Z"
}

{
  "fields": {
    "message": "found matching root — creating RootCursor",
    "root_parent": {
      "index": 11,
      "text": "xaby"
    },
    "root_width": 4
  },
  "filename": "crates/context-stack/context-search/src/search/mod.rs",
  "level": "DEBUG",
  "line_number": 859,
  "span": "search",
  "spans": [
    "find_ancestor",
    "search"
  ],
  "target": "context_search::search",
  "timestamp": "2026-03-03T02:42:44.480574Z"
}

{
  "fields": {
    "checkpoint_pos": 3,
    "message": "New root match - finishing root cursor",
    "root": {
      "index": 11,
      "text": "xaby"
    }
  },
  "filename": "crates/context-stack/context-search/src/search/mod.rs",
  "level": "TRACE",
  "line_number": 492,
  "span": "search",
  "spans": [
    "find_ancestor",
    "search"
  ],
  "target": "context_search::search",
  "timestamp": "2026-03-03T02:42:44.480715Z"
}

{
  "fields": {
    "message": "Marking current positions as checkpoints",
    "query.candidate": {
      "_type": "PathCursor",
      "path": {
        "_type": "PatternRangePath",
        "end": "entry=1",
        "path=[]": "",
        "pattern": [
          {
            "index": 6,
            "text": "ab"
          },
          {
            "index": 4,
            "text": "y"
          }
        ],
        "start": "entry=0"
      },
      "position": 3
    },
    "query.checkpoint": {
      "_type": "PathCursor",
      "path": {
        "_type": "PatternRangePath",
        "end": "entry=1",
        "path=[]": "",
        "pattern": [
          {
            "index": 6,
            "text": "ab"
          },
          {
            "index": 4,
            "text": "y"
          }
        ],
        "start": "entry=0"
      },
      "position": 3
    }
  },
  "filename": "crates/context-stack/context-search/src/compare/state/core.rs",
  "level": "DEBUG",
  "line_number": 155,
  "span": "search",
  "spans": [
    "find_ancestor",
    "search"
  ],
  "target": "context_search::compare::state::core",
  "timestamp": "2026-03-03T02:42:44.480852Z"
}

{
  "fields": {
    "message": "enter"
  },
  "filename": "crates/context-stack/context-search/src/match/root_cursor/advance.rs",
  "level": "DEBUG",
  "line_number": 55,
  "span": "advance_to_next_match",
  "spans": [
    "find_ancestor",
    "search",
    "advance_to_next_match"
  ],
  "target": "context_search::r#match::root_cursor::advance",
  "timestamp": "2026-03-03T02:42:44.481103Z"
}

{
  "fields": {
    "message": "→ advance_to_next_match: starting advancement"
  },
  "filename": "crates/context-stack/context-search/src/match/root_cursor/advance.rs",
  "level": "INFO",
  "line_number": 57,
  "span": "advance_to_next_match",
  "spans": [
    "find_ancestor",
    "search",
    "advance_to_next_match"
  ],
  "target": "context_search::r#match::root_cursor::advance",
  "timestamp": "2026-03-03T02:42:44.481226Z"
}

{
  "fields": {
    "message": "  → advance_both_cursors_internal: Step 1 - calling advance_query"
  },
  "filename": "crates/context-stack/context-search/src/match/root_cursor/advance.rs",
  "level": "TRACE",
  "line_number": 145,
  "span": "advance_to_next_match",
  "spans": [
    "find_ancestor",
    "search",
    "advance_to_next_match"
  ],
  "target": "context_search::r#match::root_cursor::advance",
  "timestamp": "2026-03-03T02:42:44.481390Z"
}

{
  "fields": {
    "message": "enter"
  },
  "filename": "crates/context-stack/context-search/src/match/root_cursor/advance.rs",
  "level": "TRACE",
  "line_number": 206,
  "span": "advance_query",
  "spans": [
    "find_ancestor",
    "search",
    "advance_to_next_match",
    "advance_query"
  ],
  "target": "context_search::r#match::root_cursor::advance",
  "timestamp": "2026-03-03T02:42:44.481548Z"
}

{
  "fields": {
    "message": "    → advance_query: attempting to advance query cursor",
    "query_pos": 3,
    "root": {
      "index": 11,
      "text": "xaby"
    }
  },
  "filename": "crates/context-stack/context-search/src/match/root_cursor/advance.rs",
  "level": "TRACE",
  "line_number": 214,
  "span": "advance_query",
  "spans": [
    "find_ancestor",
    "search",
    "advance_to_next_match",
    "advance_query"
  ],
  "target": "context_search::r#match::root_cursor::advance",
  "timestamp": "2026-03-03T02:42:44.481690Z"
}

{
  "fields": {
    "cursor": {
      "_type": "PathCursor",
      "path": {
        "_type": "PatternRangePath",
        "end": "entry=1",
        "path=[]": "",
        "pattern": [
          {
            "index": 6,
            "text": "ab"
          },
          {
            "index": 4,
            "text": "y"
          }
        ],
        "start": "entry=0"
      },
      "position": 3
    },
    "message": "advancing query cursor only"
  },
  "filename": "crates/context-stack/context-search/src/compare/state/transitions.rs",
  "level": "TRACE",
  "line_number": 93,
  "span": "advance_query",
  "spans": [
    "find_ancestor",
    "search",
    "advance_to_next_match",
    "advance_query"
  ],
  "target": "context_search::compare::state::transitions",
  "timestamp": "2026-03-03T02:42:44.481875Z"
}

{
  "fields": {
    "message": "PatternRangePath::move_root_index - reached end of pattern, returning Break"
  },
  "filename": "crates/context-stack/context-trace/src/path/structs/rooted/pattern_range.rs",
  "level": "TRACE",
  "line_number": 111,
  "span": "advance_query",
  "spans": [
    "find_ancestor",
    "search",
    "advance_to_next_match",
    "advance_query"
  ],
  "target": "context_trace::path::structs::rooted::pattern_range",
  "timestamp": "2026-03-03T02:42:44.482075Z"
}

{
  "fields": {
    "message": "query cursor cannot advance - query pattern ended"
  },
  "filename": "crates/context-stack/context-search/src/compare/state/transitions.rs",
  "level": "DEBUG",
  "line_number": 117,
  "span": "advance_query",
  "spans": [
    "find_ancestor",
    "search",
    "advance_to_next_match",
    "advance_query"
  ],
  "target": "context_search::compare::state::transitions",
  "timestamp": "2026-03-03T02:42:44.482216Z"
}

{
  "fields": {
    "message": "    → advance_query: QUERY ENDED - creating QueryExhausted state",
    "query_pos": 3,
    "root": {
      "index": 11,
      "text": "xaby"
    }
  },
  "filename": "crates/context-stack/context-search/src/match/root_cursor/advance.rs",
  "level": "DEBUG",
  "line_number": 241,
  "span": "advance_query",
  "spans": [
    "find_ancestor",
    "search",
    "advance_to_next_match",
    "advance_query"
  ],
  "target": "context_search::r#match::root_cursor::advance",
  "timestamp": "2026-03-03T02:42:44.482352Z"
}

{
  "fields": {
    "message": "root_cursor advance_query: root_parent=\"xaby\"(11), entry_pos=2, exit_pos=2, checkpoint.atom_position=3, last_token_width=1, end_pos=3"
  },
  "filename": "crates/context-stack/context-search/src/match/root_cursor/advance.rs",
  "level": "TRACE",
  "line_number": 261,
  "span": "advance_query",
  "spans": [
    "find_ancestor",
    "search",
    "advance_to_next_match",
    "advance_query"
  ],
  "target": "context_search::r#match::root_cursor::advance",
  "timestamp": "2026-03-03T02:42:44.482530Z"
}

{
  "fields": {
    "checkpoint_pos": "3",
    "final_end_index": 1,
    "message": "advance_query: returning checkpoint cursor for exhausted query"
  },
  "filename": "crates/context-stack/context-search/src/match/root_cursor/advance.rs",
  "level": "TRACE",
  "line_number": 277,
  "span": "advance_query",
  "spans": [
    "find_ancestor",
    "search",
    "advance_to_next_match",
    "advance_query"
  ],
  "target": "context_search::r#match::root_cursor::advance",
  "timestamp": "2026-03-03T02:42:44.482702Z"
}

{
  "fields": {
    "message": "from_range_path BEFORE simplify: start_path.len=1, end_path.len=0"
  },
  "filename": "crates/context-stack/context-search/src/state/end/mod.rs",
  "level": "TRACE",
  "line_number": 90,
  "span": "advance_query",
  "spans": [
    "find_ancestor",
    "search",
    "advance_to_next_match",
    "advance_query"
  ],
  "target": "context_search::state::end",
  "timestamp": "2026-03-03T02:42:44.482943Z"
}

{
  "fields": {
    "message": "from_range_path AFTER simplify: start_path.len=1, end_path.len=0"
  },
  "filename": "crates/context-stack/context-search/src/state/end/mod.rs",
  "level": "TRACE",
  "line_number": 97,
  "span": "advance_query",
  "spans": [
    "find_ancestor",
    "search",
    "advance_to_next_match",
    "advance_query"
  ],
  "target": "context_search::state::end",
  "timestamp": "2026-03-03T02:42:44.483124Z"
}

{
  "fields": {
    "message": "from_range_path: start_at_border=true, start_path_empty=false, end_at_border=true, end_path_empty=true"
  },
  "filename": "crates/context-stack/context-search/src/state/end/mod.rs",
  "level": "TRACE",
  "line_number": 112,
  "span": "advance_query",
  "spans": [
    "find_ancestor",
    "search",
    "advance_to_next_match",
    "advance_query"
  ],
  "target": "context_search::state::end",
  "timestamp": "2026-03-03T02:42:44.483272Z"
}

{
  "fields": {
    "message": "Creating PostfixEnd with exit_pos=2"
  },
  "filename": "crates/context-stack/context-search/src/state/end/mod.rs",
  "level": "TRACE",
  "line_number": 131,
  "span": "advance_query",
  "spans": [
    "find_ancestor",
    "search",
    "advance_to_next_match",
    "advance_query"
  ],
  "target": "context_search::state::end",
  "timestamp": "2026-03-03T02:42:44.483412Z"
}

{
  "fields": {
    "message": "close",
    "time.busy": "2.00ms",
    "time.idle": "4.40µs"
  },
  "filename": "crates/context-stack/context-search/src/match/root_cursor/advance.rs",
  "level": "TRACE",
  "line_number": 206,
  "span": "advance_query",
  "spans": [
    "find_ancestor",
    "search",
    "advance_to_next_match"
  ],
  "target": "context_search::r#match::root_cursor::advance",
  "timestamp": "2026-03-03T02:42:44.483551Z"
}

{
  "fields": {
    "message": "  → advance_both_cursors_internal: Step 1 - query ended (QueryExhausted)"
  },
  "filename": "crates/context-stack/context-search/src/match/root_cursor/advance.rs",
  "level": "DEBUG",
  "line_number": 161,
  "span": "advance_to_next_match",
  "spans": [
    "find_ancestor",
    "search",
    "advance_to_next_match"
  ],
  "target": "context_search::r#match::root_cursor::advance",
  "timestamp": "2026-03-03T02:42:44.483681Z"
}

{
  "fields": {
    "message": "→ advance_to_next_match: query exhausted - complete match"
  },
  "filename": "crates/context-stack/context-search/src/match/root_cursor/advance.rs",
  "level": "DEBUG",
  "line_number": 70,
  "span": "advance_to_next_match",
  "spans": [
    "find_ancestor",
    "search",
    "advance_to_next_match"
  ],
  "target": "context_search::r#match::root_cursor::advance",
  "timestamp": "2026-03-03T02:42:44.483802Z"
}

{
  "fields": {
    "message": "close",
    "time.busy": "2.82ms",
    "time.idle": "4.70µs"
  },
  "filename": "crates/context-stack/context-search/src/match/root_cursor/advance.rs",
  "level": "DEBUG",
  "line_number": 55,
  "span": "advance_to_next_match",
  "spans": [
    "find_ancestor",
    "search"
  ],
  "target": "context_search::r#match::root_cursor::advance",
  "timestamp": "2026-03-03T02:42:44.483923Z"
}

{
  "fields": {
    "message": "Conclusive end: Exhausted - keeping best match"
  },
  "filename": "crates/context-stack/context-search/src/search/mod.rs",
  "level": "TRACE",
  "line_number": 632,
  "span": "search",
  "spans": [
    "find_ancestor",
    "search"
  ],
  "target": "context_search::search",
  "timestamp": "2026-03-03T02:42:44.484043Z"
}

{
  "fields": {
    "message": "from_range_path BEFORE simplify: start_path.len=1, end_path.len=0"
  },
  "filename": "crates/context-stack/context-search/src/state/end/mod.rs",
  "level": "TRACE",
  "line_number": 90,
  "span": "search",
  "spans": [
    "find_ancestor",
    "search"
  ],
  "target": "context_search::state::end",
  "timestamp": "2026-03-03T02:42:44.484155Z"
}

{
  "fields": {
    "message": "from_range_path AFTER simplify: start_path.len=1, end_path.len=0"
  },
  "filename": "crates/context-stack/context-search/src/state/end/mod.rs",
  "level": "TRACE",
  "line_number": 97,
  "span": "search",
  "spans": [
    "find_ancestor",
    "search"
  ],
  "target": "context_search::state::end",
  "timestamp": "2026-03-03T02:42:44.484261Z"
}

{
  "fields": {
    "message": "from_range_path: start_at_border=true, start_path_empty=false, end_at_border=true, end_path_empty=true"
  },
  "filename": "crates/context-stack/context-search/src/state/end/mod.rs",
  "level": "TRACE",
  "line_number": 112,
  "span": "search",
  "spans": [
    "find_ancestor",
    "search"
  ],
  "target": "context_search::state::end",
  "timestamp": "2026-03-03T02:42:44.484363Z"
}

{
  "fields": {
    "message": "Creating PostfixEnd with exit_pos=2"
  },
  "filename": "crates/context-stack/context-search/src/state/end/mod.rs",
  "level": "TRACE",
  "line_number": 131,
  "span": "search",
  "spans": [
    "find_ancestor",
    "search"
  ],
  "target": "context_search::state::end",
  "timestamp": "2026-03-03T02:42:44.484471Z"
}

{
  "fields": {
    "at_end": true,
    "end_index": 1,
    "end_path_len": "0",
    "message": "query_exhausted check",
    "path_empty": true
  },
  "filename": "crates/context-stack/context-search/src/state/matched/mod.rs",
  "level": "TRACE",
  "line_number": 156,
  "span": "search",
  "spans": [
    "find_ancestor",
    "search"
  ],
  "target": "context_search::state::matched",
  "timestamp": "2026-03-03T02:42:44.484577Z"
}

{
  "fields": {
    "checkpoint_pos": 3,
    "message": "found matched state",
    "query_exhausted": true
  },
  "filename": "crates/context-stack/context-search/src/search/mod.rs",
  "level": "TRACE",
  "line_number": 898,
  "span": "search",
  "spans": [
    "find_ancestor",
    "search"
  ],
  "target": "context_search::search",
  "timestamp": "2026-03-03T02:42:44.484683Z"
}

{
  "fields": {
    "message": "searching for next match"
  },
  "filename": "crates/context-stack/context-search/src/search/mod.rs",
  "level": "TRACE",
  "line_number": 753,
  "span": "search",
  "spans": [
    "find_ancestor",
    "search"
  ],
  "target": "context_search::search",
  "timestamp": "2026-03-03T02:42:44.484787Z"
}

{
  "fields": {
    "message": "no more matches found"
  },
  "filename": "crates/context-stack/context-search/src/search/mod.rs",
  "level": "TRACE",
  "line_number": 765,
  "span": "search",
  "spans": [
    "find_ancestor",
    "search"
  ],
  "target": "context_search::search",
  "timestamp": "2026-03-03T02:42:44.484883Z"
}

{
  "fields": {
    "at_end": true,
    "end_index": 1,
    "end_path_len": "0",
    "message": "query_exhausted check",
    "path_empty": true
  },
  "filename": "crates/context-stack/context-search/src/state/matched/mod.rs",
  "level": "TRACE",
  "line_number": 156,
  "span": "search",
  "spans": [
    "find_ancestor",
    "search"
  ],
  "target": "context_search::state::matched",
  "timestamp": "2026-03-03T02:42:44.484980Z"
}

{
  "fields": {
    "checkpoint_pos": 3,
    "message": "Using best_match as final result",
    "query_exhausted": true,
    "root": {
      "index": 11,
      "text": "xaby"
    }
  },
  "filename": "crates/context-stack/context-search/src/search/mod.rs",
  "level": "TRACE",
  "line_number": 428,
  "span": "search",
  "spans": [
    "find_ancestor",
    "search"
  ],
  "target": "context_search::search",
  "timestamp": "2026-03-03T02:42:44.485085Z"
}

{
  "fields": {
    "end": {
      "_type": "MatchResult",
      "cursor": {
        "_type": "AtCheckpoint",
        "_values": [
          {
            "_state": {
              "_type": "PhantomData",
              "type_param": "context_search::cursor::checkpointed::AtCheckpoint"
            },
            "_type": "Checkpointed",
            "candidate": null,
            "checkpoint": {
              "_state": {
                "_type": "PhantomData",
                "type_param": "context_search::cursor::Matched"
              },
              "_type": "PathCursor",
              "atom_position": {
                "_type": "AtomPosition",
                "_values": [
                  3
                ]
              },
              "path": {
                "_type": "RootedRangePath",
                "end": {
                  "_ty": {
                    "_type": "PhantomData",
                    "type_param": "context_trace::path::accessors::role::End"
                  },
                  "_type": "RolePath",
                  "sub_path": {
                    "_type": "SubPath",
                    "path": [],
                    "root_entry": 1
                  }
                },
                "root": {
                  "_type": "Pattern",
                  "_values": [
                    [
                      {
                        "index": 6,
                        "text": "ab"
                      },
                      {
                        "index": 4,
                        "text": "y"
                      }
                    ]
                  ]
                },
                "start": {
                  "_ty": {
                    "_type": "PhantomData",
                    "type_param": "context_trace::path::accessors::role::Start"
                  },
                  "_type": "RolePath",
                  "sub_path": {
                    "_type": "SubPath",
                    "path": [],
                    "root_entry": 0
                  }
                }
              }
            }
          }
        ]
      },
      "path": {
        "_type": "Postfix",
        "_values": [
          {
            "_type": "PostfixEnd",
            "entry_pos": {
              "_type": "UpPosition",
              "_values": [
                {
                  "_type": "AtomPosition",
                  "_values": [
                    2
                  ]
                }
              ]
            },
            "path": {
              "_type": "RootedRolePath",
              "role_path": {
                "_ty": {
                  "_type": "PhantomData",
                  "type_param": "context_trace::path::accessors::role::Start"
                },
                "_type": "RolePath",
                "sub_path": {
                  "_type": "SubPath",
                  "path": [
                    {
                      "_type": "ChildLocation",
                      "parent": {
                        "index": 10,
                        "text": "xab"
                      },
                      "pattern_id": {
                        "_type": "PatternId",
                        "_values": [
                          "ebbd4aa0-69a7-45cb-afee-1432f30ebd76"
                        ]
                      },
                      "sub_index": 1
                    }
                  ],
                  "root_entry": 0
                }
              },
              "root": {
                "_type": "IndexRoot",
                "location": {
                  "_type": "PatternLocation",
                  "parent": {
                    "index": 11,
                    "text": "xaby"
                  },
                  "pattern_id": {
                    "_type": "PatternId",
                    "_values": [
                      "4cc47ffa-9092-492e-ba8d-f865e14c6ae0"
                    ]
                  }
                }
              }
            }
          }
        ]
      }
    },
    "message": "final matched state"
  },
  "filename": "crates/context-stack/context-search/src/search/mod.rs",
  "level": "TRACE",
  "line_number": 458,
  "span": "search",
  "spans": [
    "find_ancestor",
    "search"
  ],
  "target": "context_search::search",
  "timestamp": "2026-03-03T02:42:44.485239Z"
}

{
  "fields": {
    "graph_op": {
      "description": "Search complete",
      "location": {
        "completed_nodes": [
          11
        ],
        "pending_children": [],
        "pending_parents": [],
        "root_node": 11,
        "selected_node": 11,
        "trace_path": []
      },
      "op_type": "search",
      "path_graph": {
        "cursor_pos": 3,
        "done": true,
        "end_edges": [
          {
            "from": 11,
            "pattern_idx": 0,
            "sub_index": 0,
            "to": 4
          }
        ],
        "end_path": [
          {
            "index": 4,
            "width": 1
          }
        ],
        "root": {
          "index": 11,
          "width": 1
        },
        "root_entry_edge": {
          "from": 6,
          "pattern_idx": 0,
          "sub_index": 0,
          "to": 11
        },
        "root_exit_edge": {
          "from": 11,
          "pattern_idx": 0,
          "sub_index": 0,
          "to": 4
        },
        "start_edges": [
          {
            "from": 6,
            "pattern_idx": 0,
            "sub_index": 0,
            "to": 10
          }
        ],
        "start_node": {
          "index": 6,
          "width": 2
        },
        "start_path": [
          {
            "index": 10,
            "width": 1
          }
        ],
        "success": true
      },
      "path_id": "search/context-search/token-6-1772505764474374900",
      "query": {
        "cursor_position": 3,
        "matched_positions": [
          3
        ],
        "query_tokens": [
          6,
          4
        ],
        "query_width": 3
      },
      "step": 8,
      "transition": {
        "final_node": 11,
        "kind": "done",
        "success": true
      }
    },
    "message": "Search complete",
    "op_type": "Search",
    "step": 8
  },
  "filename": "crates/context-stack/context-trace/src/graph/visualization.rs",
  "level": "INFO",
  "line_number": 561,
  "span": "search",
  "spans": [
    "find_ancestor",
    "search"
  ],
  "target": "context_trace::graph::visualization",
  "timestamp": "2026-03-03T02:42:44.486121Z"
}

{
  "fields": {
    "message": "Creating PostfixCommand from PostfixEnd: entry_pos=2"
  },
  "filename": "crates/context-stack/context-search/src/state/end/postfix.rs",
  "level": "TRACE",
  "line_number": 45,
  "span": "search",
  "spans": [
    "find_ancestor",
    "search"
  ],
  "target": "context_search::state::end::postfix",
  "timestamp": "2026-03-03T02:42:44.486342Z"
}

{
  "fields": {
    "message": "PostfixCommand::trace - entry_pos=UpPosition(AtomPosition(2))"
  },
  "filename": "crates/context-stack/context-trace/src/trace/traceable/mod.rs",
  "level": "DEBUG",
  "line_number": 299,
  "span": "search",
  "spans": [
    "find_ancestor",
    "search"
  ],
  "target": "context_trace::trace::traceable",
  "timestamp": "2026-03-03T02:42:44.486455Z"
}

{
  "fields": {
    "message": "trace_role_sub_path - starting with prev=UpKey { index: \"ab\"(6), pos: UpPosition(AtomPosition(2)) }, path_len=1"
  },
  "filename": "crates/context-stack/context-trace/src/trace/traceable/role.rs",
  "level": "DEBUG",
  "line_number": 90,
  "span": "search",
  "spans": [
    "find_ancestor",
    "search"
  ],
  "target": "context_trace::trace::traceable::role",
  "timestamp": "2026-03-03T02:42:44.486565Z"
}

{
  "fields": {
    "message": "trace_role_sub_path - step 0: prev=UpKey { index: \"ab\"(6), pos: UpPosition(AtomPosition(2)) }, location=ChildLocation { parent: \"xab\"(10), pattern_id: PatternId(ebbd4aa0-69a7-45cb-afee-1432f30ebd76), sub_index: 1 }, target=UpKey { index: \"xab\"(10), pos: UpPosition(AtomPosition(2)) }"
  },
  "filename": "crates/context-stack/context-trace/src/trace/traceable/role.rs",
  "level": "DEBUG",
  "line_number": 102,
  "span": "search",
  "spans": [
    "find_ancestor",
    "search"
  ],
  "target": "context_trace::trace::traceable::role",
  "timestamp": "2026-03-03T02:42:44.486688Z"
}

{
  "fields": {
    "message": "add_state: index=\"xab\"(10), pos=BottomUp(UpPosition(AtomPosition(2)))"
  },
  "filename": "crates/context-stack/context-trace/src/trace/cache/mod.rs",
  "level": "DEBUG",
  "line_number": 49,
  "span": "search",
  "spans": [
    "find_ancestor",
    "search"
  ],
  "target": "context_trace::trace::cache",
  "timestamp": "2026-03-03T02:42:44.486854Z"
}

{
  "fields": {
    "message": "trace_role_sub_path - step 0: added key=DirectedKey { index: \"xab\"(10), pos: BottomUp(UpPosition(AtomPosition(2))) }, was_new=true"
  },
  "filename": "crates/context-stack/context-trace/src/trace/traceable/role.rs",
  "level": "DEBUG",
  "line_number": 106,
  "span": "search",
  "spans": [
    "find_ancestor",
    "search"
  ],
  "target": "context_trace::trace::traceable::role",
  "timestamp": "2026-03-03T02:42:44.486980Z"
}

{
  "fields": {
    "message": "trace_role_sub_path - complete, result=UpKey { index: \"xab\"(10), pos: UpPosition(AtomPosition(2)) }"
  },
  "filename": "crates/context-stack/context-trace/src/trace/traceable/role.rs",
  "level": "DEBUG",
  "line_number": 110,
  "span": "search",
  "spans": [
    "find_ancestor",
    "search"
  ],
  "target": "context_trace::trace::traceable::role",
  "timestamp": "2026-03-03T02:42:44.487108Z"
}

{
  "fields": {
    "message": "PostfixRootCommand::trace_root - entry_key=UpKey { index: \"xaby\"(11), pos: UpPosition(AtomPosition(2)) }, prev=UpKey { index: \"xab\"(10), pos: UpPosition(AtomPosition(2)) }, location=ChildLocation { parent: \"xaby\"(11), pattern_id: PatternId(4cc47ffa-9092-492e-ba8d-f865e14c6ae0), sub_index: 0 }"
  },
  "filename": "crates/context-stack/context-trace/src/trace/traceable/root.rs",
  "level": "DEBUG",
  "line_number": 80,
  "span": "search",
  "spans": [
    "find_ancestor",
    "search"
  ],
  "target": "context_trace::trace::traceable::root",
  "timestamp": "2026-03-03T02:42:44.487238Z"
}

{
  "fields": {
    "message": "add_state: index=\"xaby\"(11), pos=BottomUp(UpPosition(AtomPosition(2)))"
  },
  "filename": "crates/context-stack/context-trace/src/trace/cache/mod.rs",
  "level": "DEBUG",
  "line_number": 49,
  "span": "search",
  "spans": [
    "find_ancestor",
    "search"
  ],
  "target": "context_trace::trace::cache",
  "timestamp": "2026-03-03T02:42:44.487423Z"
}

{
  "fields": {
    "message": "PostfixRootCommand::trace_root - added to cache: key=DirectedKey { index: \"xaby\"(11), pos: BottomUp(UpPosition(AtomPosition(2))) }, was_new=true"
  },
  "filename": "crates/context-stack/context-trace/src/trace/traceable/root.rs",
  "level": "DEBUG",
  "line_number": 92,
  "span": "search",
  "spans": [
    "find_ancestor",
    "search"
  ],
  "target": "context_trace::trace::traceable::root",
  "timestamp": "2026-03-03T02:42:44.487553Z"
}

{
  "fields": {
    "message": "PostfixCommand::trace - complete"
  },
  "filename": "crates/context-stack/context-trace/src/trace/traceable/mod.rs",
  "level": "DEBUG",
  "line_number": 304,
  "span": "search",
  "spans": [
    "find_ancestor",
    "search"
  ],
  "target": "context_trace::trace::traceable",
  "timestamp": "2026-03-03T02:42:44.487690Z"
}

{
  "fields": {
    "end": {
      "_type": "MatchResult",
      "cursor": {
        "_type": "AtCheckpoint",
        "_values": [
          {
            "_state": {
              "_type": "PhantomData",
              "type_param": "context_search::cursor::checkpointed::AtCheckpoint"
            },
            "_type": "Checkpointed",
            "candidate": null,
            "checkpoint": {
              "_state": {
                "_type": "PhantomData",
                "type_param": "context_search::cursor::Matched"
              },
              "_type": "PathCursor",
              "atom_position": {
                "_type": "AtomPosition",
                "_values": [
                  3
                ]
              },
              "path": {
                "_type": "RootedRangePath",
                "end": {
                  "_ty": {
                    "_type": "PhantomData",
                    "type_param": "context_trace::path::accessors::role::End"
                  },
                  "_type": "RolePath",
                  "sub_path": {
                    "_type": "SubPath",
                    "path": [],
                    "root_entry": 1
                  }
                },
                "root": {
                  "_type": "Pattern",
                  "_values": [
                    [
                      {
                        "index": 6,
                        "text": "ab"
                      },
                      {
                        "index": 4,
                        "text": "y"
                      }
                    ]
                  ]
                },
                "start": {
                  "_ty": {
                    "_type": "PhantomData",
                    "type_param": "context_trace::path::accessors::role::Start"
                  },
                  "_type": "RolePath",
                  "sub_path": {
                    "_type": "SubPath",
                    "path": [],
                    "root_entry": 0
                  }
                }
              }
            }
          }
        ]
      },
      "path": {
        "_type": "Postfix",
        "_values": [
          {
            "_type": "PostfixEnd",
            "entry_pos": {
              "_type": "UpPosition",
              "_values": [
                {
                  "_type": "AtomPosition",
                  "_values": [
                    2
                  ]
                }
              ]
            },
            "path": {
              "_type": "RootedRolePath",
              "role_path": {
                "_ty": {
                  "_type": "PhantomData",
                  "type_param": "context_trace::path::accessors::role::Start"
                },
                "_type": "RolePath",
                "sub_path": {
                  "_type": "SubPath",
                  "path": [
                    {
                      "_type": "ChildLocation",
                      "parent": {
                        "index": 10,
                        "text": "xab"
                      },
                      "pattern_id": {
                        "_type": "PatternId",
                        "_values": [
                          "ebbd4aa0-69a7-45cb-afee-1432f30ebd76"
                        ]
                      },
                      "sub_index": 1
                    }
                  ],
                  "root_entry": 0
                }
              },
              "root": {
                "_type": "IndexRoot",
                "location": {
                  "_type": "PatternLocation",
                  "parent": {
                    "index": 11,
                    "text": "xaby"
                  },
                  "pattern_id": {
                    "_type": "PatternId",
                    "_values": [
                      "4cc47ffa-9092-492e-ba8d-f865e14c6ae0"
                    ]
                  }
                }
              }
            }
          }
        ]
      }
    },
    "message": "search complete"
  },
  "filename": "crates/context-stack/context-search/src/search/mod.rs",
  "level": "INFO",
  "line_number": 479,
  "span": "search",
  "spans": [
    "find_ancestor",
    "search"
  ],
  "target": "context_search::search",
  "timestamp": "2026-03-03T02:42:44.487789Z"
}

{
  "fields": {
    "message": "close",
    "time.busy": "14.5ms",
    "time.idle": "3.40µs"
  },
  "filename": "crates/context-stack/context-search/src/search/searchable.rs",
  "level": "TRACE",
  "line_number": 59,
  "span": "search",
  "spans": [
    "find_ancestor"
  ],
  "target": "context_search::search::searchable",
  "timestamp": "2026-03-03T02:42:44.488314Z"
}

{
  "fields": {
    "message": "ancestor search succeeded"
  },
  "filename": "crates/context-stack/context-search/src/search/mod.rs",
  "level": "TRACE",
  "line_number": 103,
  "span": "find_ancestor",
  "spans": [
    "find_ancestor"
  ],
  "target": "context_search::search",
  "timestamp": "2026-03-03T02:42:44.488409Z"
}

{
  "fields": {
    "message": "close",
    "time.busy": "15.0ms",
    "time.idle": "7.90µs"
  },
  "filename": "crates/context-stack/context-search/src/search/mod.rs",
  "level": "INFO",
  "line_number": 91,
  "span": "find_ancestor",
  "spans": [],
  "target": "context_search::search",
  "timestamp": "2026-03-03T02:42:44.488504Z"
}

